[debug] [2020-08-26T15:29:48.232Z] ----------------------------------------------------------------------
[debug] [2020-08-26T15:29:48.234Z] Command:       C:\Program Files\nodejs\node.exe C:\Users\HP\AppData\Roaming\npm\node_modules\firebase-tools\lib\bin\firebase.js deploy --project react-burger-tho
[debug] [2020-08-26T15:29:48.235Z] CLI Version:   8.9.0
[debug] [2020-08-26T15:29:48.235Z] Platform:      win32
[debug] [2020-08-26T15:29:48.235Z] Node Version:  v10.16.3
[debug] [2020-08-26T15:29:48.235Z] Time:          Wed Aug 26 2020 22:29:48 GMT+0700 (GMT+07:00)
[debug] [2020-08-26T15:29:48.236Z] ----------------------------------------------------------------------
[debug] [2020-08-26T15:29:48.236Z] 
[debug] [2020-08-26T15:29:48.244Z] > command requires scopes: ["email","openid","https://www.googleapis.com/auth/cloudplatformprojects.readonly","https://www.googleapis.com/auth/firebase","https://www.googleapis.com/auth/cloud-platform"]
[debug] [2020-08-26T15:29:48.244Z] > authorizing via signed-in user
[debug] [2020-08-26T15:29:48.244Z] [iam] checking project react-burger-tho for permissions ["firebase.projects.get","firebasehosting.sites.update"]
[debug] [2020-08-26T15:29:48.247Z] >>> HTTP REQUEST POST https://cloudresourcemanager.googleapis.com/v1/projects/react-burger-tho:testIamPermissions  
 {"permissions":["firebase.projects.get","firebasehosting.sites.update"]}
[debug] [2020-08-26T15:29:49.601Z] <<< HTTP RESPONSE 200 {"content-type":"application/json; charset=UTF-8","vary":"X-Origin, Referer, Origin,Accept-Encoding","date":"Wed, 26 Aug 2020 15:29:49 GMT","server":"ESF","cache-control":"private","x-xss-protection":"0","x-frame-options":"SAMEORIGIN","x-content-type-options":"nosniff","server-timing":"gfet4t7; dur=1071","alt-svc":"h3-29=\":443\"; ma=2592000,h3-27=\":443\"; ma=2592000,h3-T050=\":443\"; ma=2592000,h3-Q050=\":443\"; ma=2592000,h3-Q046=\":443\"; ma=2592000,h3-Q043=\":443\"; ma=2592000,quic=\":443\"; ma=2592000; v=\"46,43\"","accept-ranges":"none","transfer-encoding":"chunked"}
[debug] [2020-08-26T15:29:49.606Z] [iam] error while checking permissions, command may fail: FirebaseError: Authorization failed. This account is missing the following required permissions on project react-burger-tho:

  firebase.projects.get
  firebasehosting.sites.update
[debug] [2020-08-26T15:29:49.609Z] >>> HTTP REQUEST GET https://firebase.googleapis.com/v1beta1/projects/react-burger-tho  
 
[debug] [2020-08-26T15:29:50.313Z] <<< HTTP RESPONSE 403 {"vary":"X-Origin, Referer, Origin,Accept-Encoding","content-type":"application/json; charset=UTF-8","date":"Wed, 26 Aug 2020 15:29:50 GMT","server":"ESF","cache-control":"private","x-xss-protection":"0","x-frame-options":"SAMEORIGIN","x-content-type-options":"nosniff","alt-svc":"h3-29=\":443\"; ma=2592000,h3-27=\":443\"; ma=2592000,h3-T050=\":443\"; ma=2592000,h3-Q050=\":443\"; ma=2592000,h3-Q046=\":443\"; ma=2592000,h3-Q043=\":443\"; ma=2592000,quic=\":443\"; ma=2592000; v=\"46,43\"","accept-ranges":"none","transfer-encoding":"chunked"}
[debug] [2020-08-26T15:29:50.314Z] <<< HTTP RESPONSE BODY {"error":{"code":403,"message":"The caller does not have permission","status":"PERMISSION_DENIED"}}
[debug] [2020-08-26T15:29:50.321Z] HTTP Error: 403, The caller does not have permission
[debug] [2020-08-26T15:29:50.527Z] FirebaseError: HTTP Error: 403, The caller does not have permission
    at module.exports (C:\Users\HP\AppData\Roaming\npm\node_modules\firebase-tools\lib\responseToError.js:38:12)
    at Request._callback (C:\Users\HP\AppData\Roaming\npm\node_modules\firebase-tools\lib\api.js:41:35)
    at Request.self.callback (C:\Users\HP\AppData\Roaming\npm\node_modules\firebase-tools\node_modules\request\request.js:185:22)
    at Request.emit (events.js:198:13)
    at Request.EventEmitter.emit (domain.js:448:20)
    at Request.<anonymous> (C:\Users\HP\AppData\Roaming\npm\node_modules\firebase-tools\node_modules\request\request.js:1154:10)
    at Request.emit (events.js:198:13)
    at Request.EventEmitter.emit (domain.js:448:20)
    at IncomingMessage.<anonymous> (C:\Users\HP\AppData\Roaming\npm\node_modules\firebase-tools\node_modules\request\request.js:1076:12)
    at Object.onceWrapper (events.js:286:20)
    at IncomingMessage.emit (events.js:203:15)
    at IncomingMessage.EventEmitter.emit (domain.js:448:20)
    at endReadableNT (_stream_readable.js:1145:12)
    at process._tickCallback (internal/process/next_tick.js:63:19)
[error] 
[error] Error: Failed to get Firebase project react-burger-tho. Please make sure the project exists and your account has permission to access it.
